  C:\Users\Luka\Dropbox\Frequent Folders\School\4 Fall 2021\Intro to Game Programming\Projects\final-project-crack_the_hack_albeik_woodson\PanGame\Third Party\SDL2\lib\x86\SDL2.dll
          1 file(s) copied.
  C:\Users\Luka\Dropbox\Frequent Folders\School\4 Fall 2021\Intro to Game Programming\Projects\final-project-crack_the_hack_albeik_woodson\PanGame\Third Party\SDL2_image\lib\x86\libjpeg-9.dll
  C:\Users\Luka\Dropbox\Frequent Folders\School\4 Fall 2021\Intro to Game Programming\Projects\final-project-crack_the_hack_albeik_woodson\PanGame\Third Party\SDL2_image\lib\x86\libpng16-16.dll
  C:\Users\Luka\Dropbox\Frequent Folders\School\4 Fall 2021\Intro to Game Programming\Projects\final-project-crack_the_hack_albeik_woodson\PanGame\Third Party\SDL2_image\lib\x86\libtiff-5.dll
  C:\Users\Luka\Dropbox\Frequent Folders\School\4 Fall 2021\Intro to Game Programming\Projects\final-project-crack_the_hack_albeik_woodson\PanGame\Third Party\SDL2_image\lib\x86\libwebp-7.dll
  C:\Users\Luka\Dropbox\Frequent Folders\School\4 Fall 2021\Intro to Game Programming\Projects\final-project-crack_the_hack_albeik_woodson\PanGame\Third Party\SDL2_image\lib\x86\SDL2_image.dll
  C:\Users\Luka\Dropbox\Frequent Folders\School\4 Fall 2021\Intro to Game Programming\Projects\final-project-crack_the_hack_albeik_woodson\PanGame\Third Party\SDL2_image\lib\x86\zlib1.dll
          6 file(s) copied.
  C:\Users\Luka\Dropbox\Frequent Folders\School\4 Fall 2021\Intro to Game Programming\Projects\final-project-crack_the_hack_albeik_woodson\PanGame\Third Party\SDL2_ttf\lib\x86\libfreetype-6.dll
  C:\Users\Luka\Dropbox\Frequent Folders\School\4 Fall 2021\Intro to Game Programming\Projects\final-project-crack_the_hack_albeik_woodson\PanGame\Third Party\SDL2_ttf\lib\x86\SDL2_ttf.dll
  C:\Users\Luka\Dropbox\Frequent Folders\School\4 Fall 2021\Intro to Game Programming\Projects\final-project-crack_the_hack_albeik_woodson\PanGame\Third Party\SDL2_ttf\lib\x86\zlib1.dll
          3 file(s) copied.
  C:\Users\Luka\Dropbox\Frequent Folders\School\4 Fall 2021\Intro to Game Programming\Projects\final-project-crack_the_hack_albeik_woodson\PanGame\Third Party\SDL2_mixer\lib\x86\libFLAC-8.dll
  C:\Users\Luka\Dropbox\Frequent Folders\School\4 Fall 2021\Intro to Game Programming\Projects\final-project-crack_the_hack_albeik_woodson\PanGame\Third Party\SDL2_mixer\lib\x86\libmodplug-1.dll
  C:\Users\Luka\Dropbox\Frequent Folders\School\4 Fall 2021\Intro to Game Programming\Projects\final-project-crack_the_hack_albeik_woodson\PanGame\Third Party\SDL2_mixer\lib\x86\libmpg123-0.dll
  C:\Users\Luka\Dropbox\Frequent Folders\School\4 Fall 2021\Intro to Game Programming\Projects\final-project-crack_the_hack_albeik_woodson\PanGame\Third Party\SDL2_mixer\lib\x86\libogg-0.dll
  C:\Users\Luka\Dropbox\Frequent Folders\School\4 Fall 2021\Intro to Game Programming\Projects\final-project-crack_the_hack_albeik_woodson\PanGame\Third Party\SDL2_mixer\lib\x86\libopus-0.dll
  C:\Users\Luka\Dropbox\Frequent Folders\School\4 Fall 2021\Intro to Game Programming\Projects\final-project-crack_the_hack_albeik_woodson\PanGame\Third Party\SDL2_mixer\lib\x86\libopusfile-0.dll
  C:\Users\Luka\Dropbox\Frequent Folders\School\4 Fall 2021\Intro to Game Programming\Projects\final-project-crack_the_hack_albeik_woodson\PanGame\Third Party\SDL2_mixer\lib\x86\libvorbis-0.dll
  C:\Users\Luka\Dropbox\Frequent Folders\School\4 Fall 2021\Intro to Game Programming\Projects\final-project-crack_the_hack_albeik_woodson\PanGame\Third Party\SDL2_mixer\lib\x86\libvorbisfile-3.dll
  C:\Users\Luka\Dropbox\Frequent Folders\School\4 Fall 2021\Intro to Game Programming\Projects\final-project-crack_the_hack_albeik_woodson\PanGame\Third Party\SDL2_mixer\lib\x86\SDL2_mixer.dll
          9 file(s) copied.
  tinyxml2.cpp
  PanGame.vcxproj -> C:\Users\Luka\Dropbox\Frequent Folders\School\4 Fall 2021\Intro to Game Programming\Projects\final-project-crack_the_hack_albeik_woodson\PanGame\Game\PanGame.exe
  A duplicate file name exists, or the file
  cannot be found.
  C:\Users\Luka\Dropbox\Frequent Folders\School\4 Fall 2021\Intro to Game Programming\Projects\final-project-crack_the_hack_albeik_woodson\PanGame\Assets\Config\FutureObjects.xml -> C:\Users\Luka\Dropbox\Frequent Folders\School\4 Fall 2021\Intro to Game Programming\Projects\final-project-crack_the_hack_albeik_woodson\PanGame\Game\Assets\Config\FutureObjects.xml
  C:\Users\Luka\Dropbox\Frequent Folders\School\4 Fall 2021\Intro to Game Programming\Projects\final-project-crack_the_hack_albeik_woodson\PanGame\Assets\Config\GameCharacters.xml -> C:\Users\Luka\Dropbox\Frequent Folders\School\4 Fall 2021\Intro to Game Programming\Projects\final-project-crack_the_hack_albeik_woodson\PanGame\Game\Assets\Config\GameCharacters.xml
  C:\Users\Luka\Dropbox\Frequent Folders\School\4 Fall 2021\Intro to Game Programming\Projects\final-project-crack_the_hack_albeik_woodson\PanGame\Assets\Config\highscore.txt -> C:\Users\Luka\Dropbox\Frequent Folders\School\4 Fall 2021\Intro to Game Programming\Projects\final-project-crack_the_hack_albeik_woodson\PanGame\Game\Assets\Config\highscore.txt
  C:\Users\Luka\Dropbox\Frequent Folders\School\4 Fall 2021\Intro to Game Programming\Projects\final-project-crack_the_hack_albeik_woodson\PanGame\Assets\Config\LevelConfig.xml -> C:\Users\Luka\Dropbox\Frequent Folders\School\4 Fall 2021\Intro to Game Programming\Projects\final-project-crack_the_hack_albeik_woodson\PanGame\Game\Assets\Config\LevelConfig.xml
  C:\Users\Luka\Dropbox\Frequent Folders\School\4 Fall 2021\Intro to Game Programming\Projects\final-project-crack_the_hack_albeik_woodson\PanGame\Assets\Config\LibraryConfig.xml -> C:\Users\Luka\Dropbox\Frequent Folders\School\4 Fall 2021\Intro to Game Programming\Projects\final-project-crack_the_hack_albeik_woodson\PanGame\Game\Assets\Config\LibraryConfig.xml
  C:\Users\Luka\Dropbox\Frequent Folders\School\4 Fall 2021\Intro to Game Programming\Projects\final-project-crack_the_hack_albeik_woodson\PanGame\Assets\Fonts\impact.ttf -> C:\Users\Luka\Dropbox\Frequent Folders\School\4 Fall 2021\Intro to Game Programming\Projects\final-project-crack_the_hack_albeik_woodson\PanGame\Game\Assets\Fonts\impact.ttf
  C:\Users\Luka\Dropbox\Frequent Folders\School\4 Fall 2021\Intro to Game Programming\Projects\final-project-crack_the_hack_albeik_woodson\PanGame\Assets\Images\castleLeft.png -> C:\Users\Luka\Dropbox\Frequent Folders\School\4 Fall 2021\Intro to Game Programming\Projects\final-project-crack_the_hack_albeik_woodson\PanGame\Game\Assets\Images\castleLeft.png
  C:\Users\Luka\Dropbox\Frequent Folders\School\4 Fall 2021\Intro to Game Programming\Projects\final-project-crack_the_hack_albeik_woodson\PanGame\Assets\Images\castleMid.png -> C:\Users\Luka\Dropbox\Frequent Folders\School\4 Fall 2021\Intro to Game Programming\Projects\final-project-crack_the_hack_albeik_woodson\PanGame\Game\Assets\Images\castleMid.png
  C:\Users\Luka\Dropbox\Frequent Folders\School\4 Fall 2021\Intro to Game Programming\Projects\final-project-crack_the_hack_albeik_woodson\PanGame\Assets\Images\castleRight.png -> C:\Users\Luka\Dropbox\Frequent Folders\School\4 Fall 2021\Intro to Game Programming\Projects\final-project-crack_the_hack_albeik_woodson\PanGame\Game\Assets\Images\castleRight.png
  C:\Users\Luka\Dropbox\Frequent Folders\School\4 Fall 2021\Intro to Game Programming\Projects\final-project-crack_the_hack_albeik_woodson\PanGame\Assets\Images\floor.png -> C:\Users\Luka\Dropbox\Frequent Folders\School\4 Fall 2021\Intro to Game Programming\Projects\final-project-crack_the_hack_albeik_woodson\PanGame\Game\Assets\Images\floor.png
  C:\Users\Luka\Dropbox\Frequent Folders\School\4 Fall 2021\Intro to Game Programming\Projects\final-project-crack_the_hack_albeik_woodson\PanGame\Assets\Images\floor.psd -> C:\Users\Luka\Dropbox\Frequent Folders\School\4 Fall 2021\Intro to Game Programming\Projects\final-project-crack_the_hack_albeik_woodson\PanGame\Game\Assets\Images\floor.psd
  C:\Users\Luka\Dropbox\Frequent Folders\School\4 Fall 2021\Intro to Game Programming\Projects\final-project-crack_the_hack_albeik_woodson\PanGame\Assets\Images\Harvey.psd -> C:\Users\Luka\Dropbox\Frequent Folders\School\4 Fall 2021\Intro to Game Programming\Projects\final-project-crack_the_hack_albeik_woodson\PanGame\Game\Assets\Images\Harvey.psd
  C:\Users\Luka\Dropbox\Frequent Folders\School\4 Fall 2021\Intro to Game Programming\Projects\final-project-crack_the_hack_albeik_woodson\PanGame\Assets\Images\Harvey2.png -> C:\Users\Luka\Dropbox\Frequent Folders\School\4 Fall 2021\Intro to Game Programming\Projects\final-project-crack_the_hack_albeik_woodson\PanGame\Game\Assets\Images\Harvey2.png
  C:\Users\Luka\Dropbox\Frequent Folders\School\4 Fall 2021\Intro to Game Programming\Projects\final-project-crack_the_hack_albeik_woodson\PanGame\Assets\Images\Harvey2.psd -> C:\Users\Luka\Dropbox\Frequent Folders\School\4 Fall 2021\Intro to Game Programming\Projects\final-project-crack_the_hack_albeik_woodson\PanGame\Game\Assets\Images\Harvey2.psd
  C:\Users\Luka\Dropbox\Frequent Folders\School\4 Fall 2021\Intro to Game Programming\Projects\final-project-crack_the_hack_albeik_woodson\PanGame\Assets\Images\Hospital.png -> C:\Users\Luka\Dropbox\Frequent Folders\School\4 Fall 2021\Intro to Game Programming\Projects\final-project-crack_the_hack_albeik_woodson\PanGame\Game\Assets\Images\Hospital.png
  C:\Users\Luka\Dropbox\Frequent Folders\School\4 Fall 2021\Intro to Game Programming\Projects\final-project-crack_the_hack_albeik_woodson\PanGame\Assets\Images\Hospital.psd -> C:\Users\Luka\Dropbox\Frequent Folders\School\4 Fall 2021\Intro to Game Programming\Projects\final-project-crack_the_hack_albeik_woodson\PanGame\Game\Assets\Images\Hospital.psd
  C:\Users\Luka\Dropbox\Frequent Folders\School\4 Fall 2021\Intro to Game Programming\Projects\final-project-crack_the_hack_albeik_woodson\PanGame\Assets\Images\Hospital2.png -> C:\Users\Luka\Dropbox\Frequent Folders\School\4 Fall 2021\Intro to Game Programming\Projects\final-project-crack_the_hack_albeik_woodson\PanGame\Game\Assets\Images\Hospital2.png
  C:\Users\Luka\Dropbox\Frequent Folders\School\4 Fall 2021\Intro to Game Programming\Projects\final-project-crack_the_hack_albeik_woodson\PanGame\Assets\Images\Hospital3.png -> C:\Users\Luka\Dropbox\Frequent Folders\School\4 Fall 2021\Intro to Game Programming\Projects\final-project-crack_the_hack_albeik_woodson\PanGame\Game\Assets\Images\Hospital3.png
  C:\Users\Luka\Dropbox\Frequent Folders\School\4 Fall 2021\Intro to Game Programming\Projects\final-project-crack_the_hack_albeik_woodson\PanGame\Assets\Images\Ivermectin.png -> C:\Users\Luka\Dropbox\Frequent Folders\School\4 Fall 2021\Intro to Game Programming\Projects\final-project-crack_the_hack_albeik_woodson\PanGame\Game\Assets\Images\Ivermectin.png
  C:\Users\Luka\Dropbox\Frequent Folders\School\4 Fall 2021\Intro to Game Programming\Projects\final-project-crack_the_hack_albeik_woodson\PanGame\Assets\Images\Karen original.png -> C:\Users\Luka\Dropbox\Frequent Folders\School\4 Fall 2021\Intro to Game Programming\Projects\final-project-crack_the_hack_albeik_woodson\PanGame\Game\Assets\Images\Karen original.png
  C:\Users\Luka\Dropbox\Frequent Folders\School\4 Fall 2021\Intro to Game Programming\Projects\final-project-crack_the_hack_albeik_woodson\PanGame\Assets\Images\Karen.png -> C:\Users\Luka\Dropbox\Frequent Folders\School\4 Fall 2021\Intro to Game Programming\Projects\final-project-crack_the_hack_albeik_woodson\PanGame\Game\Assets\Images\Karen.png
  C:\Users\Luka\Dropbox\Frequent Folders\School\4 Fall 2021\Intro to Game Programming\Projects\final-project-crack_the_hack_albeik_woodson\PanGame\Assets\Images\Karen.psd -> C:\Users\Luka\Dropbox\Frequent Folders\School\4 Fall 2021\Intro to Game Programming\Projects\final-project-crack_the_hack_albeik_woodson\PanGame\Game\Assets\Images\Karen.psd
  C:\Users\Luka\Dropbox\Frequent Folders\School\4 Fall 2021\Intro to Game Programming\Projects\final-project-crack_the_hack_albeik_woodson\PanGame\Assets\Images\mask.png -> C:\Users\Luka\Dropbox\Frequent Folders\School\4 Fall 2021\Intro to Game Programming\Projects\final-project-crack_the_hack_albeik_woodson\PanGame\Game\Assets\Images\mask.png
  C:\Users\Luka\Dropbox\Frequent Folders\School\4 Fall 2021\Intro to Game Programming\Projects\final-project-crack_the_hack_albeik_woodson\PanGame\Assets\Images\Med-Student-Harvey.png -> C:\Users\Luka\Dropbox\Frequent Folders\School\4 Fall 2021\Intro to Game Programming\Projects\final-project-crack_the_hack_albeik_woodson\PanGame\Game\Assets\Images\Med-Student-Harvey.png
  C:\Users\Luka\Dropbox\Frequent Folders\School\4 Fall 2021\Intro to Game Programming\Projects\final-project-crack_the_hack_albeik_woodson\PanGame\Assets\Images\medical-equipment-items.png -> C:\Users\Luka\Dropbox\Frequent Folders\School\4 Fall 2021\Intro to Game Programming\Projects\final-project-crack_the_hack_albeik_woodson\PanGame\Game\Assets\Images\medical-equipment-items.png
  C:\Users\Luka\Dropbox\Frequent Folders\School\4 Fall 2021\Intro to Game Programming\Projects\final-project-crack_the_hack_albeik_woodson\PanGame\Assets\Images\mRNA.png -> C:\Users\Luka\Dropbox\Frequent Folders\School\4 Fall 2021\Intro to Game Programming\Projects\final-project-crack_the_hack_albeik_woodson\PanGame\Game\Assets\Images\mRNA.png
  C:\Users\Luka\Dropbox\Frequent Folders\School\4 Fall 2021\Intro to Game Programming\Projects\final-project-crack_the_hack_albeik_woodson\PanGame\Assets\Images\papers.psd -> C:\Users\Luka\Dropbox\Frequent Folders\School\4 Fall 2021\Intro to Game Programming\Projects\final-project-crack_the_hack_albeik_woodson\PanGame\Game\Assets\Images\papers.psd
  C:\Users\Luka\Dropbox\Frequent Folders\School\4 Fall 2021\Intro to Game Programming\Projects\final-project-crack_the_hack_albeik_woodson\PanGame\Assets\Images\Platform.png -> C:\Users\Luka\Dropbox\Frequent Folders\School\4 Fall 2021\Intro to Game Programming\Projects\final-project-crack_the_hack_albeik_woodson\PanGame\Game\Assets\Images\Platform.png
  C:\Users\Luka\Dropbox\Frequent Folders\School\4 Fall 2021\Intro to Game Programming\Projects\final-project-crack_the_hack_albeik_woodson\PanGame\Assets\Images\platform.psd -> C:\Users\Luka\Dropbox\Frequent Folders\School\4 Fall 2021\Intro to Game Programming\Projects\final-project-crack_the_hack_albeik_woodson\PanGame\Game\Assets\Images\platform.psd
  C:\Users\Luka\Dropbox\Frequent Folders\School\4 Fall 2021\Intro to Game Programming\Projects\final-project-crack_the_hack_albeik_woodson\PanGame\Assets\Images\research-papers.png -> C:\Users\Luka\Dropbox\Frequent Folders\School\4 Fall 2021\Intro to Game Programming\Projects\final-project-crack_the_hack_albeik_woodson\PanGame\Game\Assets\Images\research-papers.png
  C:\Users\Luka\Dropbox\Frequent Folders\School\4 Fall 2021\Intro to Game Programming\Projects\final-project-crack_the_hack_albeik_woodson\PanGame\Assets\Images\Virus.png -> C:\Users\Luka\Dropbox\Frequent Folders\School\4 Fall 2021\Intro to Game Programming\Projects\final-project-crack_the_hack_albeik_woodson\PanGame\Game\Assets\Images\Virus.png
  31 File(s) copied
